<?xml version="1.0" encoding="UTF-8"?>
<testng-results ignored="0" total="3" passed="2" failed="1" skipped="0">
  <reporter-output>
  </reporter-output>
  <suite started-at="2020-05-06T22:37:19 IST" name="Default suite" finished-at="2020-05-06T22:37:19 IST" duration-ms="140">
    <groups>
    </groups>
    <test started-at="2020-05-06T22:37:19 IST" name="Default test" finished-at="2020-05-06T22:37:19 IST" duration-ms="140">
      <class name="TESTNG.PKG.Test1">
        <test-method is-config="true" signature="HomePage()[pri:0, instance:TESTNG.PKG.Test1@55ca8de8]" started-at="2020-05-06T22:37:19 IST" name="HomePage" finished-at="2020-05-06T22:37:19 IST" duration-ms="9" status="PASS">
          <reporter-output>
          </reporter-output>
        </test-method> <!-- HomePage -->
        <test-method signature="Mailbox()[pri:0, instance:TESTNG.PKG.Test1@55ca8de8]" started-at="2020-05-06T22:37:19 IST" name="Mailbox" finished-at="2020-05-06T22:37:19 IST" duration-ms="45" status="FAIL">
          <exception class="java.lang.NullPointerException">
            <full-stacktrace>
              <![CDATA[java.lang.NullPointerException
at TESTNG.PKG.Test1.Mailbox(Test1.java:39)
at java.base/jdk.internal.reflect.NativeMethodAccessorImpl.invoke0(Native Method)
at java.base/jdk.internal.reflect.NativeMethodAccessorImpl.invoke(NativeMethodAccessorImpl.java:62)
at java.base/jdk.internal.reflect.DelegatingMethodAccessorImpl.invoke(DelegatingMethodAccessorImpl.java:43)
at java.base/java.lang.reflect.Method.invoke(Method.java:567)
at org.testng.internal.MethodInvocationHelper.invokeMethod(MethodInvocationHelper.java:135)
at org.testng.internal.TestInvoker.invokeMethod(TestInvoker.java:598)
at org.testng.internal.TestInvoker.invokeTestMethod(TestInvoker.java:174)
at org.testng.internal.MethodRunner.runInSequence(MethodRunner.java:46)
at org.testng.internal.TestInvoker$MethodInvocationAgent.invoke(TestInvoker.java:821)
at org.testng.internal.TestInvoker.invokeTestMethods(TestInvoker.java:147)
at org.testng.internal.TestMethodWorker.invokeTestMethods(TestMethodWorker.java:146)
at org.testng.internal.TestMethodWorker.run(TestMethodWorker.java:128)
at java.base/java.util.ArrayList.forEach(ArrayList.java:1507)
at org.testng.TestRunner.privateRun(TestRunner.java:767)
at org.testng.TestRunner.run(TestRunner.java:588)
at org.testng.SuiteRunner.runTest(SuiteRunner.java:384)
at org.testng.SuiteRunner.runSequentially(SuiteRunner.java:378)
at org.testng.SuiteRunner.privateRun(SuiteRunner.java:337)
at org.testng.SuiteRunner.run(SuiteRunner.java:286)
at org.testng.SuiteRunnerWorker.runSuite(SuiteRunnerWorker.java:53)
at org.testng.SuiteRunnerWorker.run(SuiteRunnerWorker.java:96)
at org.testng.TestNG.runSuitesSequentially(TestNG.java:1214)
at org.testng.TestNG.runSuitesLocally(TestNG.java:1136)
at org.testng.TestNG.runSuites(TestNG.java:1066)
at org.testng.TestNG.run(TestNG.java:1034)
at org.testng.remote.AbstractRemoteTestNG.run(AbstractRemoteTestNG.java:115)
at org.testng.remote.RemoteTestNG.initAndRun(RemoteTestNG.java:251)
at org.testng.remote.RemoteTestNG.main(RemoteTestNG.java:77)
]]>
            </full-stacktrace>
          </exception> <!-- java.lang.NullPointerException -->
          <reporter-output>
          </reporter-output>
        </test-method> <!-- Mailbox -->
        <test-method is-config="true" signature="HomePage()[pri:0, instance:TESTNG.PKG.Test1@55ca8de8]" started-at="2020-05-06T22:37:19 IST" name="HomePage" finished-at="2020-05-06T22:37:19 IST" duration-ms="1" status="PASS">
          <reporter-output>
          </reporter-output>
        </test-method> <!-- HomePage -->
        <test-method signature="SearchBar()[pri:0, instance:TESTNG.PKG.Test1@55ca8de8]" started-at="2020-05-06T22:37:19 IST" name="SearchBar" finished-at="2020-05-06T22:37:19 IST" duration-ms="2" status="PASS">
          <reporter-output>
          </reporter-output>
        </test-method> <!-- SearchBar -->
        <test-method is-config="true" signature="HomePage()[pri:0, instance:TESTNG.PKG.Test1@55ca8de8]" started-at="2020-05-06T22:37:19 IST" name="HomePage" finished-at="2020-05-06T22:37:19 IST" duration-ms="0" status="PASS">
          <reporter-output>
          </reporter-output>
        </test-method> <!-- HomePage -->
        <test-method signature="Title()[pri:0, instance:TESTNG.PKG.Test1@55ca8de8]" started-at="2020-05-06T22:37:19 IST" name="Title" finished-at="2020-05-06T22:37:19 IST" duration-ms="2" status="PASS">
          <reporter-output>
          </reporter-output>
        </test-method> <!-- Title -->
      </class> <!-- TESTNG.PKG.Test1 -->
    </test> <!-- Default test -->
  </suite> <!-- Default suite -->
</testng-results>
